Using pre-set license
Built from '2021.1/release' branch; Version is '2021.1.0f1 (61a549675243) revision 6399305'; Using compiler version '192528614'; Build Type 'Release'
OS: 'Windows 7  (6.1.0) 64bit' Language: 'pt' Physical Memory: 5589 MB
BatchMode: 1, IsHumanControllingUs: 0, StartBugReporterOnCrash: 0, Is64bit: 1, IsPro: 0

 COMMAND LINE ARGUMENTS:
C:\Program Files\Unity 2021.1.0f1\Editor\Unity.exe
-adb2
-batchMode
-noUpm
-name
AssetImportWorker0
-projectPath
C:/Users/CLAITON/Documents/Projetos do Unity/top_down_guns-master
-logFile
Logs/AssetImportWorker0.log
-srvPort
50880
Successfully changed project path to: C:/Users/CLAITON/Documents/Projetos do Unity/top_down_guns-master
C:/Users/CLAITON/Documents/Projetos do Unity/top_down_guns-master
Using Asset Import Pipeline V2.
Refreshing native plugins compatible for Editor in 103.14 ms, found 0 plugins.
Preloading 0 native plugins for Editor in 0.00 ms.
Initialize engine version: 2021.1.0f1 (61a549675243)
[Subsystems] Discovering subsystems at path C:/Program Files/Unity 2021.1.0f1/Editor/Data/Resources/UnitySubsystems
[Subsystems] Discovering subsystems at path C:/Users/CLAITON/Documents/Projetos do Unity/top_down_guns-master/Assets
GfxDevice: creating device client; threaded=0; jobified=0
d3d11: CreateDXGIFactory2(...) not found, fallbacking to CreateDXGIFactory1(...).
d3d11: QueryInterface(IDXGIFactory5) failed (80004002).
Direct3D:
    Version:  Direct3D 11.0 [level 11.0]
    Renderer: Intel(R) HD Graphics 4000 (ID=0x166)
    Vendor:   Intel
    VRAM:     1248 MB
    Driver:   10.18.10.5069
Initialize mono
Mono path[0] = 'C:/Program Files/Unity 2021.1.0f1/Editor/Data/Managed'
Mono path[1] = 'C:/Program Files/Unity 2021.1.0f1/Editor/Data/MonoBleedingEdge/lib/mono/unityjit'
Mono config path = 'C:/Program Files/Unity 2021.1.0f1/Editor/Data/MonoBleedingEdge/etc'
Using monoOptions --debugger-agent=transport=dt_socket,embedding=1,server=y,suspend=n,address=127.0.0.1:56044
Begin MonoManager ReloadAssembly
Registering precompiled unity dll's ...
Register platform support module: C:/Program Files/Unity 2021.1.0f1/Editor/Data/PlaybackEngines/WindowsStandaloneSupport/UnityEditor.WindowsStandalone.Extensions.dll
Registered in 0.002236 seconds.
Native extension for WindowsStandalone target not found
Refreshing native plugins compatible for Editor in 84.79 ms, found 0 plugins.
Preloading 0 native plugins for Editor in 0.00 ms.
Mono: successfully reloaded assembly
- Completed reload, in  3.003 seconds
Platform modules already initialized, skipping
Registering precompiled user dll's ...
Registered in 0.005956 seconds.
Begin MonoManager ReloadAssembly
Native extension for WindowsStandalone target not found
Refreshing native plugins compatible for Editor in 0.97 ms, found 0 plugins.
Preloading 0 native plugins for Editor in 0.00 ms.
Mono: successfully reloaded assembly
- Completed reload, in  2.728 seconds
Platform modules already initialized, skipping
========================================================================
Worker process is ready to serve import requests
Launched and connected shader compiler UnityShaderCompiler.exe after 0.19 seconds
Refreshing native plugins compatible for Editor in 1.41 ms, found 0 plugins.
Preloading 0 native plugins for Editor in 0.00 ms.
Unloading 1851 Unused Serialized files (Serialized files now loaded: 0)
System memory in use before: 151.7 MB.
System memory in use after: 151.8 MB.

Unloading 46 unused Assets to reduce memory usage. Loaded Objects now: 2296.
Total: 23.624788 ms (FindLiveObjects: 0.327564 ms CreateObjectMapping: 0.130854 ms MarkObjects: 23.054331 ms  DeleteObjects: 0.108618 ms)

========================================================================
Received Import Request.
  path: Assets/PINSCHER/Scripts/GanhouCode.cs
  artifactKey: Guid(b95ca21ead0fedb4696077ca70285de9) Importer(815301076,1909f56bfc062723c751e8b465ee728b)
Start importing Assets/PINSCHER/Scripts/GanhouCode.cs using Guid(b95ca21ead0fedb4696077ca70285de9) Importer(815301076,1909f56bfc062723c751e8b465ee728b)  -> (artifact id: 'caec89c3193f07c06ab26b24549f61e2') in 0.090027 seconds 
========================================================================
Received Prepare
Refreshing native plugins compatible for Editor in 4868.53 ms, found 0 plugins.
Preloading 0 native plugins for Editor in 0.00 ms.
Unloading 35 Unused Serialized files (Serialized files now loaded: 0)
System memory in use before: 115.1 MB.
System memory in use after: 115.2 MB.

Unloading 35 unused Assets to reduce memory usage. Loaded Objects now: 2296.
Total: 11.529304 ms (FindLiveObjects: 0.328847 ms CreateObjectMapping: 0.184308 ms MarkObjects: 10.974669 ms  DeleteObjects: 0.038059 ms)

========================================================================
Received Import Request.
  Time since last request: 147.017426 seconds.
  path: Assets/CenaLevel.unity
  artifactKey: Guid(9d1fe4f62ee8a544eb55da8118c94908) Importer(815301076,1909f56bfc062723c751e8b465ee728b)
Start importing Assets/CenaLevel.unity using Guid(9d1fe4f62ee8a544eb55da8118c94908) Importer(815301076,1909f56bfc062723c751e8b465ee728b)  -> (artifact id: '62a5c3b4c20a16a05556ca7ccd25e6a6') in 0.050864 seconds 
========================================================================
Received Prepare
Registering precompiled user dll's ...
Registered in 0.005750 seconds.
Begin MonoManager ReloadAssembly
Native extension for WindowsStandalone target not found
Refreshing native plugins compatible for Editor in 0.94 ms, found 0 plugins.
Preloading 0 native plugins for Editor in 0.00 ms.
Mono: successfully reloaded assembly
- Completed reload, in  1.937 seconds
Platform modules already initialized, skipping
Refreshing native plugins compatible for Editor in 1.52 ms, found 0 plugins.
Preloading 0 native plugins for Editor in 0.00 ms.
Unloading 1841 Unused Serialized files (Serialized files now loaded: 0)
System memory in use before: 151.3 MB.
System memory in use after: 151.4 MB.

Unloading 37 unused Assets to reduce memory usage. Loaded Objects now: 2299.
Total: 9.257739 ms (FindLiveObjects: 0.228781 ms CreateObjectMapping: 0.112466 ms MarkObjects: 8.863037 ms  DeleteObjects: 0.050888 ms)

========================================================================
Received Prepare
Refreshing native plugins compatible for Editor in 31.28 ms, found 0 plugins.
Preloading 0 native plugins for Editor in 0.00 ms.
Unloading 35 Unused Serialized files (Serialized files now loaded: 0)
System memory in use before: 115.3 MB.
System memory in use after: 115.4 MB.

Unloading 35 unused Assets to reduce memory usage. Loaded Objects now: 2299.
Total: 11.108944 ms (FindLiveObjects: 0.233485 ms CreateObjectMapping: 0.121019 ms MarkObjects: 10.706973 ms  DeleteObjects: 0.044473 ms)

AssetImportWorkerClient::OnTransportError - code=2 error=End of file
