Using pre-set license
Built from '2021.1/release' branch; Version is '2021.1.0f1 (61a549675243) revision 6399305'; Using compiler version '192528614'; Build Type 'Release'
OS: 'Windows 7  (6.1.0) 64bit' Language: 'pt' Physical Memory: 5589 MB
BatchMode: 1, IsHumanControllingUs: 0, StartBugReporterOnCrash: 0, Is64bit: 1, IsPro: 0

 COMMAND LINE ARGUMENTS:
C:\Program Files\Unity 2021.1.0f1\Editor\Unity.exe
-adb2
-batchMode
-noUpm
-name
AssetImportWorker0
-projectPath
C:/Users/CLAITON/Documents/Projetos do Unity/top_down_guns-master
-logFile
Logs/AssetImportWorker0.log
-srvPort
54419
Successfully changed project path to: C:/Users/CLAITON/Documents/Projetos do Unity/top_down_guns-master
C:/Users/CLAITON/Documents/Projetos do Unity/top_down_guns-master
Using Asset Import Pipeline V2.
Refreshing native plugins compatible for Editor in 113.42 ms, found 0 plugins.
Preloading 0 native plugins for Editor in 0.00 ms.
Initialize engine version: 2021.1.0f1 (61a549675243)
[Subsystems] Discovering subsystems at path C:/Program Files/Unity 2021.1.0f1/Editor/Data/Resources/UnitySubsystems
[Subsystems] Discovering subsystems at path C:/Users/CLAITON/Documents/Projetos do Unity/top_down_guns-master/Assets
GfxDevice: creating device client; threaded=0; jobified=0
d3d11: CreateDXGIFactory2(...) not found, fallbacking to CreateDXGIFactory1(...).
d3d11: QueryInterface(IDXGIFactory5) failed (80004002).
Direct3D:
    Version:  Direct3D 11.0 [level 11.0]
    Renderer: Intel(R) HD Graphics 4000 (ID=0x166)
    Vendor:   Intel
    VRAM:     1248 MB
    Driver:   10.18.10.5069
Initialize mono
Mono path[0] = 'C:/Program Files/Unity 2021.1.0f1/Editor/Data/Managed'
Mono path[1] = 'C:/Program Files/Unity 2021.1.0f1/Editor/Data/MonoBleedingEdge/lib/mono/unityjit'
Mono config path = 'C:/Program Files/Unity 2021.1.0f1/Editor/Data/MonoBleedingEdge/etc'
Using monoOptions --debugger-agent=transport=dt_socket,embedding=1,server=y,suspend=n,address=127.0.0.1:56704
Begin MonoManager ReloadAssembly
Registering precompiled unity dll's ...
Register platform support module: C:/Program Files/Unity 2021.1.0f1/Editor/Data/PlaybackEngines/WindowsStandaloneSupport/UnityEditor.WindowsStandalone.Extensions.dll
Registered in 0.004580 seconds.
Native extension for WindowsStandalone target not found
Refreshing native plugins compatible for Editor in 110.94 ms, found 0 plugins.
Preloading 0 native plugins for Editor in 0.00 ms.
Mono: successfully reloaded assembly
- Completed reload, in  2.379 seconds
Platform modules already initialized, skipping
Registering precompiled user dll's ...
Registered in 0.006460 seconds.
Begin MonoManager ReloadAssembly
Native extension for WindowsStandalone target not found
Refreshing native plugins compatible for Editor in 0.88 ms, found 0 plugins.
Preloading 0 native plugins for Editor in 0.00 ms.
Mono: successfully reloaded assembly
- Completed reload, in  2.484 seconds
Platform modules already initialized, skipping
========================================================================
Worker process is ready to serve import requests
Launched and connected shader compiler UnityShaderCompiler.exe after 0.25 seconds
Refreshing native plugins compatible for Editor in 1.57 ms, found 0 plugins.
Preloading 0 native plugins for Editor in 0.00 ms.
Unloading 1851 Unused Serialized files (Serialized files now loaded: 0)
System memory in use before: 151.7 MB.
System memory in use after: 151.8 MB.

Unloading 46 unused Assets to reduce memory usage. Loaded Objects now: 2296.
Total: 15.909371 ms (FindLiveObjects: 0.482789 ms CreateObjectMapping: 0.293779 ms MarkObjects: 14.987838 ms  DeleteObjects: 0.140689 ms)

========================================================================
Received Import Request.
  path: Assets/PINSCHER/Scripts/MoveJogador.cs
  artifactKey: Guid(3601cd4b3e4b8fd47b92845716485750) Importer(815301076,1909f56bfc062723c751e8b465ee728b)
Start importing Assets/PINSCHER/Scripts/MoveJogador.cs using Guid(3601cd4b3e4b8fd47b92845716485750) Importer(815301076,1909f56bfc062723c751e8b465ee728b)  -> (artifact id: 'e4588e076ae5b6507c86260aa01dcf73') in 0.211188 seconds 
========================================================================
Received Prepare
Registering precompiled user dll's ...
Registered in 0.005460 seconds.
Begin MonoManager ReloadAssembly
Native extension for WindowsStandalone target not found
Refreshing native plugins compatible for Editor in 0.89 ms, found 0 plugins.
Preloading 0 native plugins for Editor in 0.00 ms.
Mono: successfully reloaded assembly
- Completed reload, in  2.105 seconds
Platform modules already initialized, skipping
Refreshing native plugins compatible for Editor in 1.54 ms, found 0 plugins.
Preloading 0 native plugins for Editor in 0.00 ms.
Unloading 1841 Unused Serialized files (Serialized files now loaded: 0)
System memory in use before: 151.3 MB.
System memory in use after: 151.4 MB.

Unloading 37 unused Assets to reduce memory usage. Loaded Objects now: 2299.
Total: 56.696697 ms (FindLiveObjects: 0.473809 ms CreateObjectMapping: 0.280950 ms MarkObjects: 55.876512 ms  DeleteObjects: 0.061150 ms)

========================================================================
Received Import Request.
  Time since last request: 568.811708 seconds.
  path: Assets/PINSCHER/Scripts/iaInimigo.cs
  artifactKey: Guid(6f5c2ad02b69e8e4c80a4b2b94a74183) Importer(815301076,1909f56bfc062723c751e8b465ee728b)
Start importing Assets/PINSCHER/Scripts/iaInimigo.cs using Guid(6f5c2ad02b69e8e4c80a4b2b94a74183) Importer(815301076,1909f56bfc062723c751e8b465ee728b)  -> (artifact id: 'ad800e9a9b7efcd2f5d37133714bd5ab') in 0.009615 seconds 
========================================================================
Received Prepare
Registering precompiled user dll's ...
Registered in 0.008995 seconds.
Begin MonoManager ReloadAssembly
Native extension for WindowsStandalone target not found
Refreshing native plugins compatible for Editor in 0.90 ms, found 0 plugins.
Preloading 0 native plugins for Editor in 0.00 ms.
Mono: successfully reloaded assembly
- Completed reload, in  2.154 seconds
Platform modules already initialized, skipping
Refreshing native plugins compatible for Editor in 2.75 ms, found 0 plugins.
Preloading 0 native plugins for Editor in 0.00 ms.
Unloading 1841 Unused Serialized files (Serialized files now loaded: 0)
System memory in use before: 151.3 MB.
System memory in use after: 151.4 MB.

Unloading 37 unused Assets to reduce memory usage. Loaded Objects now: 2302.
Total: 15.554869 ms (FindLiveObjects: 0.330982 ms CreateObjectMapping: 0.144110 ms MarkObjects: 14.938234 ms  DeleteObjects: 0.137695 ms)

========================================================================
Received Prepare
Registering precompiled user dll's ...
Registered in 0.007101 seconds.
Begin MonoManager ReloadAssembly
Native extension for WindowsStandalone target not found
Refreshing native plugins compatible for Editor in 1.59 ms, found 0 plugins.
Preloading 0 native plugins for Editor in 0.00 ms.
Mono: successfully reloaded assembly
- Completed reload, in  2.492 seconds
Platform modules already initialized, skipping
Refreshing native plugins compatible for Editor in 1.58 ms, found 0 plugins.
Preloading 0 native plugins for Editor in 0.00 ms.
Unloading 1841 Unused Serialized files (Serialized files now loaded: 0)
System memory in use before: 151.3 MB.
System memory in use after: 151.5 MB.

Unloading 37 unused Assets to reduce memory usage. Loaded Objects now: 2305.
Total: 24.109513 ms (FindLiveObjects: 0.762456 ms CreateObjectMapping: 0.296772 ms MarkObjects: 22.985714 ms  DeleteObjects: 0.060723 ms)

========================================================================
Received Prepare
Registering precompiled user dll's ...
Registered in 0.006369 seconds.
Begin MonoManager ReloadAssembly
Native extension for WindowsStandalone target not found
Refreshing native plugins compatible for Editor in 1.31 ms, found 0 plugins.
Preloading 0 native plugins for Editor in 0.00 ms.
Mono: successfully reloaded assembly
- Completed reload, in  2.086 seconds
Platform modules already initialized, skipping
Refreshing native plugins compatible for Editor in 1.64 ms, found 0 plugins.
Preloading 0 native plugins for Editor in 0.00 ms.
Unloading 1841 Unused Serialized files (Serialized files now loaded: 0)
System memory in use before: 151.4 MB.
System memory in use after: 151.5 MB.

Unloading 37 unused Assets to reduce memory usage. Loaded Objects now: 2308.
Total: 28.601717 ms (FindLiveObjects: 0.315587 ms CreateObjectMapping: 0.137695 ms MarkObjects: 28.087283 ms  DeleteObjects: 0.056874 ms)

AssetImportWorkerClient::OnTransportError - code=2 error=End of file
